生成启动时间为 2018/1/6 21:55:08。
     1>项目“G:\DL\caffe\windows\classification\classification.vcxproj”在节点 4 上(Rebuild 个目标)。
     1>ClCompile:
         E:\Program Files\VS2013\VC\bin\x86_amd64\CL.exe /c /I"G:\DL\NugetPackages\lmdb-v120-clean.0.9.14.0\build\native\..\..\lib\native\include" /I"G:\DL\NugetPackages\LevelDB-vc120.1.2.0.0\build\native\../..//build/native/include/" /I"G:\DL\NugetPackages\protobuf-v120.2.6.1\build\native\../..//build/native/include/" /IG:\DL\NugetPackages\boost.1.59.0.0\build\native\..\..\lib\native\include\ /IG:\DL\NugetPackages\gflags.2.1.2.1\build\native\../..///build/native/include/ /I"G:\DL\NugetPackages\hdf5-v120-complete.1.8.15.2\build\native\..\..\lib\native\include" /IG:\DL\NugetPackages\glog.0.3.3.0\build\native\../..//build/native/include/ /IG:\DL\NugetPackages\OpenBLAS.0.2.14.1\build\native\..\..\lib\native\include /IG:\DL\NugetPackages\OpenCV.2.4.10\build\native\../../build/native/include/ /Zi /nologo /W1 /WX /MP /Od /D HAS_LMDB /D HAS_HDF5 /D HAS_OPENBLAS /D HAS_OPENCV /D _DEBUG /D _SCL_SECURE_NO_WARNINGS /D USE_OPENCV /D USE_LEVELDB /D USE_LMDB /D MATLAB_MEX_FILE /D USE_CUDNN /D CPU_ONLY /D _UNICODE /D UNICODE /Gm- /EHsc /RTC1 /MDd /GS /fp:precise /Zc:wchar_t /Zc:forScope /Fo"G:\DL\caffe\windows\..\Build\Int\classification\x64\Debug\\" /Fd"G:\DL\caffe\windows\..\Build\Int\classification\x64\Debug\vc120.pdb" /Gd /TP /errorReport:prompt ..\..\examples\cpp_classification\classification.cpp
         classification.cpp
       Link:
         E:\Program Files\VS2013\VC\bin\x86_amd64\link.exe /ERRORREPORT:PROMPT /OUT:"G:\DL\caffe\windows\..\Build\x64\Debug\classification.exe" /INCREMENTAL /NOLOGO /LIBPATH:"G:\DL\NugetPackages\boost_python2.7-vc120.1.59.0.0\build\native\..\..\lib\native\address-model-64\lib" /LIBPATH:"G:\DL\NugetPackages\boost_thread-vc120.1.59.0.0\build\native\..\..\lib\native\address-model-64\lib" /LIBPATH:"G:\DL\NugetPackages\boost_system-vc120.1.59.0.0\build\native\..\..\lib\native\address-model-64\lib" /LIBPATH:"G:\DL\NugetPackages\boost_filesystem-vc120.1.59.0.0\build\native\..\..\lib\native\address-model-64\lib" /LIBPATH:"G:\DL\NugetPackages\boost_date_time-vc120.1.59.0.0\build\native\..\..\lib\native\address-model-64\lib" /LIBPATH:"G:\DL\NugetPackages\boost_chrono-vc120.1.59.0.0\build\native\..\..\lib\native\address-model-64\lib" "G:\DL\NugetPackages\lmdb-v120-clean.0.9.14.0\build\native\..\..\lib\native\lib\x64\lmdbD.lib" "G:\DL\NugetPackages\LevelDB-vc120.1.2.0.0\build\native\../..//build/native/lib/x64\v120\Debug\LevelDb.lib" "G:\DL\NugetPackages\protobuf-v120.2.6.1\build\native\../..//build/native/lib/x64\v120\Debug\libprotobuf.lib" G:\DL\NugetPackages\gflags.2.1.2.1\build\native\../../build/native/x64/v120/dynamic/Lib/gflagsd.lib "G:\DL\NugetPackages\hdf5-v120-complete.1.8.15.2\build\native\..\..\lib\native\lib\x64\hdf5.lib" "G:\DL\NugetPackages\hdf5-v120-complete.1.8.15.2\build\native\..\..\lib\native\lib\x64\hdf5_cpp.lib" "G:\DL\NugetPackages\hdf5-v120-complete.1.8.15.2\build\native\..\..\lib\native\lib\x64\hdf5_f90cstub.lib" "G:\DL\NugetPackages\hdf5-v120-complete.1.8.15.2\build\native\..\..\lib\native\lib\x64\hdf5_fortran.lib" "G:\DL\NugetPackages\hdf5-v120-complete.1.8.15.2\build\native\..\..\lib\native\lib\x64\hdf5_hl.lib" "G:\DL\NugetPackages\hdf5-v120-complete.1.8.15.2\build\native\..\..\lib\native\lib\x64\hdf5_hl_cpp.lib" "G:\DL\NugetPackages\hdf5-v120-complete.1.8.15.2\build\native\..\..\lib\native\lib\x64\hdf5_hl_f90cstub.lib" "G:\DL\NugetPackages\hdf5-v120-complete.1.8.15.2\build\native\..\..\lib\native\lib\x64\hdf5_hl_fortran.lib" "G:\DL\NugetPackages\hdf5-v120-complete.1.8.15.2\build\native\..\..\lib\native\lib\x64\hdf5_tools.lib" "G:\DL\NugetPackages\hdf5-v120-complete.1.8.15.2\build\native\..\..\lib\native\lib\x64\szip.lib" "G:\DL\NugetPackages\hdf5-v120-complete.1.8.15.2\build\native\..\..\lib\native\lib\x64\zlib.lib" G:\DL\NugetPackages\glog.0.3.3.0\build\native\../../build/native/lib/x64/v120/Debug/dynamic/libglog.lib G:\DL\NugetPackages\OpenBLAS.0.2.14.1\build\native\..\..\lib\native\lib\x64\libopenblas.dll.a G:\DL\NugetPackages\OpenCV.2.4.10\build\native\../../build/native/lib/x64/v120/Debug/opencv_videostab2410d.lib G:\DL\NugetPackages\OpenCV.2.4.10\build\native\../../build/native/lib/x64/v120/Debug/opencv_video2410d.lib G:\DL\NugetPackages\OpenCV.2.4.10\build\native\../../build/native/lib/x64/v120/Debug/opencv_ts2410d.lib G:\DL\NugetPackages\OpenCV.2.4.10\build\native\../../build/native/lib/x64/v120/Debug/opencv_superres2410d.lib G:\DL\NugetPackages\OpenCV.2.4.10\build\native\../../build/native/lib/x64/v120/Debug/opencv_stitching2410d.lib G:\DL\NugetPackages\OpenCV.2.4.10\build\native\../../build/native/lib/x64/v120/Debug/opencv_photo2410d.lib G:\DL\NugetPackages\OpenCV.2.4.10\build\native\../../build/native/lib/x64/v120/Debug/opencv_ocl2410d.lib G:\DL\NugetPackages\OpenCV.2.4.10\build\native\../../build/native/lib/x64/v120/Debug/opencv_objdetect2410d.lib G:\DL\NugetPackages\OpenCV.2.4.10\build\native\../../build/native/lib/x64/v120/Debug/opencv_nonfree2410d.lib G:\DL\NugetPackages\OpenCV.2.4.10\build\native\../../build/native/lib/x64/v120/Debug/opencv_ml2410d.lib G:\DL\NugetPackages\OpenCV.2.4.10\build\native\../../build/native/lib/x64/v120/Debug/opencv_legacy2410d.lib G:\DL\NugetPackages\OpenCV.2.4.10\build\native\../../build/native/lib/x64/v120/Debug/opencv_imgproc2410d.lib G:\DL\NugetPackages\OpenCV.2.4.10\build\native\../../build/native/lib/x64/v120/Debug/opencv_highgui2410d.lib G:\DL\NugetPackages\OpenCV.2.4.10\build\native\../../build/native/lib/x64/v120/Debug/opencv_gpu2410d.lib G:\DL\NugetPackages\OpenCV.2.4.10\build\native\../../build/native/lib/x64/v120/Debug/opencv_flann2410d.lib G:\DL\NugetPackages\OpenCV.2.4.10\build\native\../../build/native/lib/x64/v120/Debug/opencv_features2d2410d.lib G:\DL\NugetPackages\OpenCV.2.4.10\build\native\../../build/native/lib/x64/v120/Debug/opencv_core2410d.lib G:\DL\NugetPackages\OpenCV.2.4.10\build\native\../../build/native/lib/x64/v120/Debug/opencv_contrib2410d.lib G:\DL\NugetPackages\OpenCV.2.4.10\build\native\../../build/native/lib/x64/v120/Debug/opencv_calib3d2410d.lib libcaffe.lib cublas.lib cuda.lib curand.lib cudart.lib kernel32.lib user32.lib gdi32.lib winspool.lib comdlg32.lib advapi32.lib shell32.lib ole32.lib oleaut32.lib uuid.lib odbc32.lib odbccp32.lib /MANIFEST /MANIFESTUAC:"level='asInvoker' uiAccess='false'" /manifest:embed /DEBUG /PDB:"G:\DL\caffe\windows\..\Build\x64\Debug\classification.pdb" /SUBSYSTEM:CONSOLE /TLBID:1 /DYNAMICBASE /NXCOMPAT /IMPLIB:"G:\DL\caffe\windows\..\Build\x64\Debug\classification.lib" /MACHINE:X64 G:\DL\caffe\windows\..\Build\Int\classification\x64\Debug\classification.obj
         G:\DL\caffe\Build\Int\libcaffe\x64\Debug\blob.obj
         G:\DL\caffe\Build\Int\libcaffe\x64\Debug\common.obj
         G:\DL\caffe\Build\Int\libcaffe\x64\Debug\data_reader.obj
         G:\DL\caffe\Build\Int\libcaffe\x64\Debug\data_transformer.obj
         G:\DL\caffe\Build\Int\libcaffe\x64\Debug\internal_thread.obj
         G:\DL\caffe\Build\Int\libcaffe\x64\Debug\layer.obj
         G:\DL\caffe\Build\Int\libcaffe\x64\Debug\absval_layer.obj
         G:\DL\caffe\Build\Int\libcaffe\x64\Debug\accuracy_layer.obj
         G:\DL\caffe\Build\Int\libcaffe\x64\Debug\argmax_layer.obj
         G:\DL\caffe\Build\Int\libcaffe\x64\Debug\base_conv_layer.obj
         G:\DL\caffe\Build\Int\libcaffe\x64\Debug\base_data_layer.obj
         G:\DL\caffe\Build\Int\libcaffe\x64\Debug\batch_norm_layer.obj
         G:\DL\caffe\Build\Int\libcaffe\x64\Debug\batch_reindex_layer.obj
         G:\DL\caffe\Build\Int\libcaffe\x64\Debug\bias_layer.obj
         G:\DL\caffe\Build\Int\libcaffe\x64\Debug\bnll_layer.obj
         G:\DL\caffe\Build\Int\libcaffe\x64\Debug\box_annotator_ohem_layer.obj
         G:\DL\caffe\Build\Int\libcaffe\x64\Debug\concat_layer.obj
         G:\DL\caffe\Build\Int\libcaffe\x64\Debug\contrastive_loss_layer.obj
         G:\DL\caffe\Build\Int\libcaffe\x64\Debug\conv_layer.obj
         G:\DL\caffe\Build\Int\libcaffe\x64\Debug\crop_layer.obj
         G:\DL\caffe\Build\Int\libcaffe\x64\Debug\cudnn_conv_layer.obj
         G:\DL\caffe\Build\Int\libcaffe\x64\Debug\cudnn_lcn_layer.obj
         G:\DL\caffe\Build\Int\libcaffe\x64\Debug\cudnn_lrn_layer.obj
         G:\DL\caffe\Build\Int\libcaffe\x64\Debug\cudnn_pooling_layer.obj
         G:\DL\caffe\Build\Int\libcaffe\x64\Debug\cudnn_relu_layer.obj
         G:\DL\caffe\Build\Int\libcaffe\x64\Debug\cudnn_sigmoid_layer.obj
         G:\DL\caffe\Build\Int\libcaffe\x64\Debug\cudnn_softmax_layer.obj
         G:\DL\caffe\Build\Int\libcaffe\x64\Debug\cudnn_tanh_layer.obj
         G:\DL\caffe\Build\Int\libcaffe\x64\Debug\data_layer.obj
         G:\DL\caffe\Build\Int\libcaffe\x64\Debug\deconv_layer.obj
         G:\DL\caffe\Build\Int\libcaffe\x64\Debug\dropout_layer.obj
         G:\DL\caffe\Build\Int\libcaffe\x64\Debug\dummy_data_layer.obj
         G:\DL\caffe\Build\Int\libcaffe\x64\Debug\eltwise_layer.obj
         G:\DL\caffe\Build\Int\libcaffe\x64\Debug\elu_layer.obj
         G:\DL\caffe\Build\Int\libcaffe\x64\Debug\embed_layer.obj
         G:\DL\caffe\Build\Int\libcaffe\x64\Debug\euclidean_loss_layer.obj
         G:\DL\caffe\Build\Int\libcaffe\x64\Debug\exp_layer.obj
         G:\DL\caffe\Build\Int\libcaffe\x64\Debug\filter_layer.obj
         G:\DL\caffe\Build\Int\libcaffe\x64\Debug\flatten_layer.obj
         G:\DL\caffe\Build\Int\libcaffe\x64\Debug\hdf5_data_layer.obj
         G:\DL\caffe\Build\Int\libcaffe\x64\Debug\hdf5_output_layer.obj
         G:\DL\caffe\Build\Int\libcaffe\x64\Debug\hinge_loss_layer.obj
         G:\DL\caffe\Build\Int\libcaffe\x64\Debug\im2col_layer.obj
         G:\DL\caffe\Build\Int\libcaffe\x64\Debug\image_data_layer.obj
         G:\DL\caffe\Build\Int\libcaffe\x64\Debug\infogain_loss_layer.obj
         G:\DL\caffe\Build\Int\libcaffe\x64\Debug\inner_product_layer.obj
         G:\DL\caffe\Build\Int\libcaffe\x64\Debug\input_layer.obj
         G:\DL\caffe\Build\Int\libcaffe\x64\Debug\log_layer.obj
         G:\DL\caffe\Build\Int\libcaffe\x64\Debug\loss_layer.obj
         G:\DL\caffe\Build\Int\libcaffe\x64\Debug\lrn_layer.obj
         G:\DL\caffe\Build\Int\libcaffe\x64\Debug\memory_data_layer.obj
         G:\DL\caffe\Build\Int\libcaffe\x64\Debug\multinomial_logistic_loss_layer.obj
         G:\DL\caffe\Build\Int\libcaffe\x64\Debug\mvn_layer.obj
         G:\DL\caffe\Build\Int\libcaffe\x64\Debug\neuron_layer.obj
         G:\DL\caffe\Build\Int\libcaffe\x64\Debug\parameter_layer.obj
         G:\DL\caffe\Build\Int\libcaffe\x64\Debug\pooling_layer.obj
         G:\DL\caffe\Build\Int\libcaffe\x64\Debug\power_layer.obj
         G:\DL\caffe\Build\Int\libcaffe\x64\Debug\prelu_layer.obj
         G:\DL\caffe\Build\Int\libcaffe\x64\Debug\psroi_pooling_layer.obj
         G:\DL\caffe\Build\Int\libcaffe\x64\Debug\reduction_layer.obj
         G:\DL\caffe\Build\Int\libcaffe\x64\Debug\relu_layer.obj
         G:\DL\caffe\Build\Int\libcaffe\x64\Debug\reshape_layer.obj
         G:\DL\caffe\Build\Int\libcaffe\x64\Debug\scale_layer.obj
         G:\DL\caffe\Build\Int\libcaffe\x64\Debug\sigmoid_cross_entropy_loss_layer.obj
         G:\DL\caffe\Build\Int\libcaffe\x64\Debug\sigmoid_layer.obj
         G:\DL\caffe\Build\Int\libcaffe\x64\Debug\silence_layer.obj
         G:\DL\caffe\Build\Int\libcaffe\x64\Debug\slice_layer.obj
         G:\DL\caffe\Build\Int\libcaffe\x64\Debug\smooth_l1_loss_layer.obj
         G:\DL\caffe\Build\Int\libcaffe\x64\Debug\smooth_L1_loss_ohem_layer.obj
         G:\DL\caffe\Build\Int\libcaffe\x64\Debug\softmax_layer.obj
         G:\DL\caffe\Build\Int\libcaffe\x64\Debug\softmax_loss_layer.obj
         G:\DL\caffe\Build\Int\libcaffe\x64\Debug\softmax_loss_ohem_layer.obj
         G:\DL\caffe\Build\Int\libcaffe\x64\Debug\split_layer.obj
         G:\DL\caffe\Build\Int\libcaffe\x64\Debug\spp_layer.obj
         G:\DL\caffe\Build\Int\libcaffe\x64\Debug\tanh_layer.obj
         G:\DL\caffe\Build\Int\libcaffe\x64\Debug\threshold_layer.obj
         G:\DL\caffe\Build\Int\libcaffe\x64\Debug\tile_layer.obj
         G:\DL\caffe\Build\Int\libcaffe\x64\Debug\window_data_layer.obj
         G:\DL\caffe\Build\Int\libcaffe\x64\Debug\layer_factory.obj
         G:\DL\caffe\Build\Int\libcaffe\x64\Debug\net.obj
         G:\DL\caffe\Build\Int\libcaffe\x64\Debug\parallel.obj
         G:\DL\caffe\Build\Int\libcaffe\x64\Debug\caffe.pb.obj
         G:\DL\caffe\Build\Int\libcaffe\x64\Debug\solver.obj
         G:\DL\caffe\Build\Int\libcaffe\x64\Debug\adadelta_solver.obj
         G:\DL\caffe\Build\Int\libcaffe\x64\Debug\adagrad_solver.obj
         G:\DL\caffe\Build\Int\libcaffe\x64\Debug\adam_solver.obj
         G:\DL\caffe\Build\Int\libcaffe\x64\Debug\nesterov_solver.obj
         G:\DL\caffe\Build\Int\libcaffe\x64\Debug\rmsprop_solver.obj
         G:\DL\caffe\Build\Int\libcaffe\x64\Debug\sgd_solver.obj
         G:\DL\caffe\Build\Int\libcaffe\x64\Debug\syncedmem.obj
         G:\DL\caffe\Build\Int\libcaffe\x64\Debug\benchmark.obj
         G:\DL\caffe\Build\Int\libcaffe\x64\Debug\blocking_queue.obj
         G:\DL\caffe\Build\Int\libcaffe\x64\Debug\cudnn.obj
         G:\DL\caffe\Build\Int\libcaffe\x64\Debug\db.obj
         G:\DL\caffe\Build\Int\libcaffe\x64\Debug\db_leveldb.obj
         G:\DL\caffe\Build\Int\libcaffe\x64\Debug\db_lmdb.obj
         G:\DL\caffe\Build\Int\libcaffe\x64\Debug\hdf5.obj
         G:\DL\caffe\Build\Int\libcaffe\x64\Debug\im2col.obj
         G:\DL\caffe\Build\Int\libcaffe\x64\Debug\insert_splits.obj
         G:\DL\caffe\Build\Int\libcaffe\x64\Debug\io.obj
         G:\DL\caffe\Build\Int\libcaffe\x64\Debug\math_functions.obj
         G:\DL\caffe\Build\Int\libcaffe\x64\Debug\signal_handler.obj
         G:\DL\caffe\Build\Int\libcaffe\x64\Debug\upgrade_proto.obj
     1>LINK : fatal error LNK1104: 无法打开文件“libcaffe.lib”
     1>已完成生成项目“G:\DL\caffe\windows\classification\classification.vcxproj”(Rebuild 个目标)的操作 - 失败。

生成失败。

已用时间 00:00:15.81
